1. Se ho caricato un estensione che richiede un file come per esempio ffmpeg per una determinata piattaforma lo scarico durante il setup dell'estensione inoltre controllo anche
   per dei permessi speciali che devono avere quei file (es. 755 su linux)
2. Se non viene trovato l'eseguibile mandare un messaggio di errore specifico (altrimenti e' poco chiaro)
3. Ricreare Song e Capire quali sono le informazioni necessarie da salvare, al momento ci sono molti dati duplicati all'interno di una canzone, all'interno di album sono contenute anche le canzoni ecc.
   Creare un oggetto Generatore Album e Playlist

- Nei ServerMessages dare la possibilita' di scegliere come inviare il messaggio
- Controllare se ci sono dati di server a cui il bot non e' dentro (in caso eliminare i dati)
✔ Settare per bene i permessi per i vari comandi, vedere se e' possibile abilitarli o meno...
- Il manager dei comandi basta che cambia i permessi per accedere ai comandi... (potendolo anche disabilitare mettendo 0)

- File Transfer in discord per tutti all'interno del server utilizzando lo spazio di discord
✔ Sistemare il message command del translate che deve avere per forza la lingua di input...

- Estensione del bot che permette di salvare e mostrare agli altri le configurazioni personali di vari giochi

- [12:28:15] [Activity] [ERROR] : Cannot write to closing transport

- Valorant Quiz - Togliere punti se la persona non risponde, aggiungere i punti in base a quanto la parola e' vicina alla risposta corretta
✔ Extensions: creare un file e/o una classe in cui e' presente un StrEnum delle estensioni, che possono essere utilizzati in tutti gli altri file
- Aggiungere una cache di tipo TTL al database
✔ Far si che il database crei una singola connessione, poi durante l'esecuzione per ogni async with statement viene creato un cursore

- Aggiungere un backup del database

https://lyrist.vercel.app/api/BRANO/ARTISTA

https://music.xianqiao.wang/neteaseapiv2/lyric?id=2005468260

https://music.xianqiao.wang/neteaseapiv2/search?limit=1&type=1&keywords=IMPORTANTE%20Marracash

https://www.reddit.com/r/memes/new.json?sort=hot

https://0x0.st/

https://api.textcaptcha.com/myemail@example.com.json

https://apidocs.cheapshark.com/
https://www.freetogame.com/api-doc
https://www.gamerpower.com/api-read

Ignoring exception in command <nextcord.application_command.SlashApplicationSubcommand object at 0x000001C5384B05F0>:
Traceback (most recent call last):
  File "B:\Desktop\Coding\Python\GGsBot\.venv\Lib\site-packages\aiohttp\connector.py", line 1317, in _create_direct_connection
    hosts = await self._resolve_host(host, port, traces=traces)
            ^^^^^^^^^^^^^^^^^^^^^^^^^^^^^^^^^^^^^^^^^^^^^^^^^^^
  File "B:\Desktop\Coding\Python\GGsBot\.venv\Lib\site-packages\aiohttp\connector.py", line 971, in _resolve_host
    return await asyncio.shield(resolved_host_task)
           ^^^^^^^^^^^^^^^^^^^^^^^^^^^^^^^^^^^^^^^^
  File "B:\Desktop\Coding\Python\GGsBot\.venv\Lib\site-packages\aiohttp\connector.py", line 1002, in _resolve_host_with_throttle
    addrs = await self._resolver.resolve(host, port, family=self._family)
            ^^^^^^^^^^^^^^^^^^^^^^^^^^^^^^^^^^^^^^^^^^^^^^^^^^^^^^^^^^^^^
  File "B:\Desktop\Coding\Python\GGsBot\.venv\Lib\site-packages\aiohttp\resolver.py", line 38, in resolve
    infos = await self._loop.getaddrinfo(
            ^^^^^^^^^^^^^^^^^^^^^^^^^^^^^
  File "D:\Software\Python 3.12.1 (64-bit)\Lib\asyncio\base_events.py", line 898, in getaddrinfo
    return await self.run_in_executor(
           ^^^^^^^^^^^^^^^^^^^^^^^^^^^
  File "D:\Software\Python 3.12.1 (64-bit)\Lib\concurrent\futures\thread.py", line 58, in run
    result = self.fn(*self.args, **self.kwargs)
             ^^^^^^^^^^^^^^^^^^^^^^^^^^^^^^^^^^
  File "D:\Software\Python 3.12.1 (64-bit)\Lib\socket.py", line 963, in getaddrinfo
    for res in _socket.getaddrinfo(host, port, family, type, proto, flags):
               ^^^^^^^^^^^^^^^^^^^^^^^^^^^^^^^^^^^^^^^^^^^^^^^^^^^^^^^^^^^
socket.gaierror: [Errno 11001] getaddrinfo failed

The above exception was the direct cause of the following exception:

Traceback (most recent call last):
  File "B:\Desktop\Coding\Python\GGsBot\.venv\Lib\site-packages\nextcord\application_command.py", line 918, in invoke_callback_with_hooks
    await self(interaction, *args, **kwargs)
  File "b:\Desktop\Coding\Python\GGsBot\src\commands\games\CheapGames.py", line 190, in add_update
    if message:
       ^^^^^^^^^
  File "B:\Desktop\Coding\Python\GGsBot\.venv\Lib\site-packages\nextcord\webhook\async_.py", line 796, in edit
    message = await self._state._webhook.edit_message(
              ^^^^^^^^^^^^^^^^^^^^^^^^^^^^^^^^^^^^^^^^
  File "B:\Desktop\Coding\Python\GGsBot\.venv\Lib\site-packages\nextcord\webhook\async_.py", line 1719, in edit_message
    data = await adapter.edit_webhook_message(
           ^^^^^^^^^^^^^^^^^^^^^^^^^^^^^^^^^^^
  File "B:\Desktop\Coding\Python\GGsBot\.venv\Lib\site-packages\nextcord\webhook\async_.py", line 148, in request
    async with session.request(
  File "B:\Desktop\Coding\Python\GGsBot\.venv\Lib\site-packages\aiohttp\client.py", line 1359, in __aenter__
    self._resp: _RetType = await self._coro
                           ^^^^^^^^^^^^^^^^
  File "B:\Desktop\Coding\Python\GGsBot\.venv\Lib\site-packages\aiohttp\client.py", line 663, in _request
    conn = await self._connector.connect(
           ^^^^^^^^^^^^^^^^^^^^^^^^^^^^^^
  File "B:\Desktop\Coding\Python\GGsBot\.venv\Lib\site-packages\aiohttp\connector.py", line 563, in connect
    proto = await self._create_connection(req, traces, timeout)
            ^^^^^^^^^^^^^^^^^^^^^^^^^^^^^^^^^^^^^^^^^^^^^^^^^^^
  File "B:\Desktop\Coding\Python\GGsBot\.venv\Lib\site-packages\aiohttp\connector.py", line 1032, in _create_connection
    _, proto = await self._create_direct_connection(req, traces, timeout)
               ^^^^^^^^^^^^^^^^^^^^^^^^^^^^^^^^^^^^^^^^^^^^^^^^^^^^^^^^^^
  File "B:\Desktop\Coding\Python\GGsBot\.venv\Lib\site-packages\aiohttp\connector.py", line 1323, in _create_direct_connection
    raise ClientConnectorDNSError(req.connection_key, exc) from exc
aiohttp.client_exceptions.ClientConnectorDNSError: Cannot connect to host discord.com:443 ssl:default [getaddrinfo failed]

The above exception was the direct cause of the following exception:

nextcord.errors.ApplicationInvokeError: Command raised an exception: ClientConnectorDNSError: Cannot connect to host discord.com:443 ssl:default [getaddrinfo failed]

Ignoring exception in command <nextcord.application_command.MessageApplicationCommand object at 0x7c71c08f3cb0>:
Traceback (most recent call last):
  File "/home/container/.local/lib/python3.12/site-packages/nextcord/application_command.py", line 918, in invoke_callback_with_hooks
    await self(interaction, *args, **kwargs)
  File "/home/container/src/commands/ai/Summarizer.py", line 73, in summarize_message
    await interaction.response.send_message(content='Fill out the translation form:', view=view,ephemeral=True)
  File "/home/container/.local/lib/python3.12/site-packages/nextcord/interactions.py", line 896, in send_message
    await adapter.create_interaction_response(
  File "/home/container/.local/lib/python3.12/site-packages/nextcord/webhook/async_.py", line 197, in request
    raise HTTPException(response, data)
nextcord.errors.HTTPException: 400 Bad Request (error code: 50035): Invalid Form Body
In data.components.0.components.0: Value of field "type" must be one of (2, 3, 5, 6, 7, 8).

The above exception was the direct cause of the following exception:

nextcord.errors.ApplicationInvokeError: Command raised an exception: HTTPException: 400 Bad Request (error code: 50035): Invalid Form Body
In data.components.0.components.0: Value of field "type" must be one of (2, 3, 5, 6, 7, 8).

✔ Creare un comando per visualizzare le estensioni installate, attive e disattivate

- Spiegare il perche' bisogna fare la verifica con il bot...
- Mostrare piu' dettagli relativi alle estensioni, per esempio quando sono state configurate e da chi...
- ! E' inutile limitare manualmente dove il comando puo' essere usato o da chi..., e' una cosa che esiste gia' all'interno di discord (non in tutti i casi)


✔ !!! Per il setup delle estensioni utilizzare il comando univoco ma per ogni estensione ritornare all'utente una view o una modal diversa in base al comando triggerato...
- ! Rendere il datetime format univoco per tutte le voci del database e modificabile tramite config.json
- !! Aggiungere un timeout alla generazione dei canali per evitare spam di canali vocali temporanei
- Risolvere l'errore che da il database se non e' presente una colonna che dovrebbe essere creata
✔ !!! Directory refactoring

- Creare un meccanismo che permetta di modificare un sondaggio gia' inviato in un canale (possibilmente utilizzando i sondaggi di discord)

colori del bot:
#46dd9c
#120804
#3cb6b2
#02e6fd
#41c9a9