1. Se ho caricato un estensione che richiede un file come per esempio ffmpeg per una determinata piattaforma lo scarico durante il setup dell'estensione inoltre controllo anche
   per dei permessi speciali che devono avere quei file (es. 755 su linux)
2. Se non viene trovato l'eseguibile mandare un messaggio di errore specifico (altrimenti e' poco chiaro)
3. Ricreare Song e Capire quali sono le informazioni necessarie da salvare, al momento ci sono molti dati duplicati all'interno di una canzone, all'interno di album sono contenute anche le canzoni ecc.
   Creare un oggetto Generatore Album e Playlist

- Nei ServerMessages dare la possibilita' di scegliere come inviare il messaggio
- Controllare se ci sono dati di server a cui il bot non e' dentro (in caso eliminare i dati)
✔ Settare per bene i permessi per i vari comandi, vedere se e' possibile abilitarli o meno...
- Il manager dei comandi basta che cambia i permessi per accedere ai comandi... (potendolo anche disabilitare mettendo 0)

- File Transfer in discord per tutti all'interno del server utilizzando lo spazio di discord
✔ Sistemare il message command del translate che deve avere per forza la lingua di input...

- Estensione del bot che permette di salvare e mostrare agli altri le configurazioni personali di vari giochi

- [12:28:15] [Activity] [ERROR] : Cannot write to closing transport

- Valorant Quiz - Togliere punti se la persona non risponde, aggiungere i punti in base a quanto la parola e' vicina alla risposta corretta
✔ Extensions: creare un file e/o una classe in cui e' presente un StrEnum delle estensioni, che possono essere utilizzati in tutti gli altri file
- Aggiungere una cache di tipo TTL al database
✔ Far si che il database crei una singola connessione, poi durante l'esecuzione per ogni async with statement viene creato un cursore

- Aggiungere un backup del database

https://lyrist.vercel.app/api/BRANO/ARTISTA

https://music.xianqiao.wang/neteaseapiv2/lyric?id=2005468260

https://music.xianqiao.wang/neteaseapiv2/search?limit=1&type=1&keywords=IMPORTANTE%20Marracash

https://www.reddit.com/r/memes/new.json?sort=hot

https://api.textcaptcha.com/myemail@example.com.json

https://apidocs.cheapshark.com/
https://www.freetogame.com/api-doc
https://www.gamerpower.com/api-read

Ignoring exception in command <nextcord.application_command.MessageApplicationCommand object at 0x7c71c08f3cb0>:
Traceback (most recent call last):
  File "/home/container/.local/lib/python3.12/site-packages/nextcord/application_command.py", line 918, in invoke_callback_with_hooks
    await self(interaction, *args, **kwargs)
  File "/home/container/src/commands/ai/Summarizer.py", line 73, in summarize_message
    await interaction.response.send_message(content='Fill out the translation form:', view=view,ephemeral=True)
  File "/home/container/.local/lib/python3.12/site-packages/nextcord/interactions.py", line 896, in send_message
    await adapter.create_interaction_response(
  File "/home/container/.local/lib/python3.12/site-packages/nextcord/webhook/async_.py", line 197, in request
    raise HTTPException(response, data)
nextcord.errors.HTTPException: 400 Bad Request (error code: 50035): Invalid Form Body
In data.components.0.components.0: Value of field "type" must be one of (2, 3, 5, 6, 7, 8).

The above exception was the direct cause of the following exception:

nextcord.errors.ApplicationInvokeError: Command raised an exception: HTTPException: 400 Bad Request (error code: 50035): Invalid Form Body
In data.components.0.components.0: Value of field "type" must be one of (2, 3, 5, 6, 7, 8).

✔ Creare un comando per visualizzare le estensioni installate, attive e disattivate

- Spiegare il perche' bisogna fare la verifica con il bot...
- Mostrare piu' dettagli relativi alle estensioni, per esempio quando sono state configurate e da chi...
- ! E' inutile limitare manualmente dove il comando puo' essere usato o da chi..., e' una cosa che esiste gia' all'interno di discord (non in tutti i casi)


✔ !!! Per il setup delle estensioni utilizzare il comando univoco ma per ogni estensione ritornare all'utente una view o una modal diversa in base al comando triggerato...
- ! Rendere il datetime format univoco per tutte le voci del database e modificabile tramite config.json
- !! Aggiungere un timeout alla generazione dei canali per evitare spam di canali vocali temporanei
- Risolvere l'errore che da il database se non e' presente una colonna che dovrebbe essere creata
✔ !!! Directory refactoring